<?xml version="1.0" encoding="UTF-8"?>
<!-- Generated by org.testng.reporters.JUnitReportReporter -->
<testsuite hostname="LAPTOP-FQFBL9M0" failures="0" tests="3" name="Keywords.NewTest" time="0.012" errors="0" timestamp="2022-07-05T13:35:16 IST" skipped="0">
  <testcase classname="Keywords.NewTest" name="myMethod2" time="0.000"/>
  <system-out>
    <![CDATA[hi my name is Nikhil]]>
  </system-out>
  <testcase classname="Keywords.NewTest" name="myMethod" time="0.008"/>
  <system-out>
    <![CDATA[hi my name is Nikhil]]>
  </system-out>
  <testcase classname="Keywords.NewTest" name="myMethod3" time="0.004"/>
  <system-out>
    <![CDATA[hi my name is Nikhil]]>
  </system-out>
</testsuite> <!-- Keywords.NewTest -->
