<?xml version="1.0" encoding="UTF-8"?>
<!-- Generated by org.testng.reporters.JUnitReportReporter -->
<testsuite hostname="LAPTOP-FQFBL9M0" failures="0" tests="1" name="TestNG_study.mytest1" time="0.005" errors="0" timestamp="2022-07-05T14:00:43 IST" skipped="0">
  <testcase classname="TestNG_study.mytest1" name="validateUserID" time="0.005"/>
  <system-out>
    <![CDATA[this is user ID]]>
  </system-out>
</testsuite> <!-- TestNG_study.mytest1 -->
