<?xml version="1.0" encoding="UTF-8"?>
<!-- Generated by org.testng.reporters.JUnitReportReporter -->
<testsuite hostname="LAPTOP-FQFBL9M0" failures="0" tests="1" name="TestNG_study.testStudy" time="0.009" errors="0" timestamp="2022-07-05T14:08:10 IST" skipped="0">
  <testcase classname="TestNG_study.testStudy" name="mymethod1" time="0.009"/>
  <system-out>
    <![CDATA[hello A]]>
  </system-out>
</testsuite> <!-- TestNG_study.testStudy -->
