<?xml version="1.0" encoding="UTF-8"?>
<!-- Generated by org.testng.reporters.JUnitReportReporter -->
<testsuite hostname="LAPTOP-FQFBL9M0" failures="0" tests="1" name="corss_browser.NewTest" time="11.324" errors="0" timestamp="2022-07-01T15:24:23 IST" skipped="0">
  <testcase classname="corss_browser.NewTest" name="mymethod" time="11.324"/>
  <system-out/>
</testsuite> <!-- corss_browser.NewTest -->
