<?xml version="1.0" encoding="UTF-8"?>
<!-- Generated by org.testng.reporters.JUnitReportReporter -->
<testsuite hostname="LAPTOP-FQFBL9M0" failures="0" tests="1" name="TestClassPOMTestNG.ValidateUserName" time="2.590" errors="0" timestamp="2022-07-01T15:24:58 IST" skipped="0">
  <testcase classname="TestClassPOMTestNG.ValidateUserName" name="mymethod" time="2.590"/>
  <system-out>
    <![CDATA[Validating UserName
actual and expcted are matching TC passed]]>
  </system-out>
</testsuite> <!-- TestClassPOMTestNG.ValidateUserName -->
