<?xml version="1.0" encoding="UTF-8"?>
<!-- Generated by org.testng.reporters.JUnitReportReporter -->
<testsuite hostname="LAPTOP-FQFBL9M0" failures="0" tests="1" name="TestNG_study.myTest" time="4.317" errors="0" timestamp="2022-07-05T14:08:10 IST" skipped="0">
  <testcase classname="TestNG_study.myTest" name="mymethod" time="4.317"/>
  <system-out>
    <![CDATA[this test case is pass]]>
  </system-out>
</testsuite> <!-- TestNG_study.myTest -->
