<?xml version="1.0" encoding="UTF-8"?>
<!-- Generated by org.testng.reporters.JUnitReportReporter -->
<testsuite hostname="LAPTOP-FQFBL9M0" failures="0" tests="1" name="VerificationUsingTestNG.assertStudy" time="0.012" errors="0" timestamp="2022-07-05T14:29:37 IST" skipped="0">
  <testcase classname="VerificationUsingTestNG.assertStudy" name="mymethod" time="0.012"/>
  <system-out>
    <![CDATA[a and b values are not matching TC is passed]]>
  </system-out>
</testsuite> <!-- VerificationUsingTestNG.assertStudy -->
