<?xml version="1.0" encoding="UTF-8"?>
<!-- Generated by org.testng.reporters.JUnitReportReporter -->
<testsuite hostname="LAPTOP-FQFBL9M0" failures="0" tests="1" name="VerificationUsingTestNG.assertNulluse" time="0.010" errors="0" timestamp="2022-06-30T20:24:16 IST" skipped="0">
  <testcase classname="VerificationUsingTestNG.assertNulluse" name="mymethod" time="0.010"/>
  <system-out>
    <![CDATA[TC is passed value is null
TC is passed value is not null]]>
  </system-out>
</testsuite> <!-- VerificationUsingTestNG.assertNulluse -->
