<?xml version="1.0" encoding="UTF-8"?>
<!-- Generated by org.testng.reporters.JUnitReportReporter -->
<testsuite hostname="LAPTOP-FQFBL9M0" failures="0" tests="5" name="Identifiers_testNG.NewTest" time="0.023" errors="0" timestamp="2022-06-22T16:17:23 IST" skipped="0">
  <testcase classname="Identifiers_testNG.NewTest" name="myMethod" time="0.006"/>
  <system-out>
    <![CDATA[hi my name is Nikhil]]>
  </system-out>
  <testcase classname="Identifiers_testNG.NewTest" name="myMethod" time="0.004"/>
  <system-out>
    <![CDATA[hi my name is Nikhil]]>
  </system-out>
  <testcase classname="Identifiers_testNG.NewTest" name="myMethod" time="0.006"/>
  <system-out>
    <![CDATA[hi my name is Nikhil]]>
  </system-out>
  <testcase classname="Identifiers_testNG.NewTest" name="myMethod" time="0.004"/>
  <system-out>
    <![CDATA[hi my name is Nikhil]]>
  </system-out>
  <testcase classname="Identifiers_testNG.NewTest" name="myMethod" time="0.003"/>
  <system-out>
    <![CDATA[hi my name is Nikhil]]>
  </system-out>
</testsuite> <!-- Identifiers_testNG.NewTest -->
